{"logTime": "0424/035041", "correlationVector":"d+c1WryCu8i6KlMY4irvPA.1","action":"SyncServerConnectionManagerRequest", "result":"SYNC_SERVER_OK", "context":{"environment":"Prod_eastus2_prod-s01-050-nam-eastus2", "migrationStage":"NotStarted", "server":"akswtt113000008"}}
{"logTime": "0424/035041", "correlationVector":"d+c1WryCu8i6KlMY4irvPA.2","action":"ProcessGetUpdates", "result":"Done", "context":{"dataType":"Encryption Keys", "deleted":"0", "process_failed_to_decrypt":"0", "process_pending_decryption":"0", "process_success":"1", "total":"1"}}
{"logTime": "0424/035043", "correlationVector":"wOloTCHcSNL4PY0J3vk21M","action":"SyncServerConnectionManagerRequest", "result":"SYNC_SERVER_OK", "context":{"environment":"", "migrationStage":"", "server":""}}
{"logTime": "0424/035043", "correlationVector":"wOloTCHcSNL4PY0J3vk21M.0","action":"EncryptionKeysFetcher.DownloadKeys:", "result":"Success", "context":Key count: 5, Last key timestamp: 2026-04-22T01:56:55Z}
{"logTime": "0424/035043", "correlationVector":"wOloTCHcSNL4PY0J3vk21M.1","action":"EncryptionKeysManager::SetEncryptionKeys:", "result":"Success", "context":Key names[5]:[waznrqHtUXiwBgEGhFou4ow2FAHJxrgFl4EoFQuF9AUqy7mfJj+i2eAWb/dm1YG0FwaNQDwC8UD282im347XmQ==][jg5C1YdngHV4LbrDok54SUEs02C8+BaQhjBUbQgCK8PbfgM+NxPWXumPOn5pV6jDvZSr7exNwWj6z2a2On5f3g==][PLDG7LuJ53mnGqkk4uP7LBnJ96txs5H9OFeRZNLQbd5+DOD8zkKtyp25m9E34t4PPJZjt2RUXBxuZJ/BXXGyBw==][Nk3KZWbQzuUN5+EIeEbCVJck3FjPzu+D1Br3mmNBexgE3oBVx67tcSQ3zaFxtvlpzh/YXliFcY9L41m/qZy9tA==][zKkMPgKvX8JBp6BugswnsPhTmjpOYauhX4EDc/4VC0ID4SojWB21LNCrV0qqBzoPmW2C1bsNuNj59nbyHnLMMA==]}
{"logTime": "0424/035043", "correlationVector":"wOloTCHcSNL4PY0J3vk21M.2","action":"EncryptionKeysManager::SetEncryptionKeysWithTimestamps:", "result":"Success", "context":Key timestamps[5]:[2022-02-02T18:58:47Z][2022-02-27T21:47:46Z][2025-09-18T05:55:40Z][2025-09-19T05:42:13Z][2026-04-22T01:56:55Z]}
{"logTime": "0424/035043", "correlationVector":"d+c1WryCu8i6KlMY4irvPA","action":"Initial GetUpdates", "result":"", "context":Reason: NEW_CLIENT. cV=d+c1WryCu8i6KlMY4irvPA}
{"logTime": "0424/035043", "correlationVector":"d+c1WryCu8i6KlMY4irvPA.3","action":"GetUpdates Response", "result":"Success", "context":Received 1 update(s). cV=d+c1WryCu8i6KlMY4irvPA.0;server=akswtt113000008;cloudType=Consumer;environment=Prod_eastus2_prod-s01-050-nam-eastus2;migrationStage=NotStarted}
{"logTime": "0424/035043", "correlationVector":"FaczpZM7/i889ohE976rOr","action":"Initial GetUpdates", "result":"", "context":Reason: NEWLY_SUPPORTED_DATATYPE. cV=FaczpZM7/i889ohE976rOr}
{"logTime": "0424/035045", "correlationVector":"FaczpZM7/i889ohE976rOr.1","action":"SyncServerConnectionManagerRequest", "result":"SYNC_SERVER_OK", "context":{"environment":"Prod_eastus2_prod-s01-050-nam-eastus2", "migrationStage":"NotStarted", "server":"akswtt113000000"}}
{"logTime": "0424/035045", "correlationVector":"FaczpZM7/i889ohE976rOr.2","action":"ProcessGetUpdates", "result":"Done", "context":{"dataType":"Preferences", "deleted":"0", "process_failed_to_decrypt":"0", "process_pending_decryption":"0", "process_success":"56", "total":"56"}}
{"logTime": "0424/035045", "correlationVector":"FaczpZM7/i889ohE976rOr.3","action":"ProcessGetUpdates", "result":"Done", "context":{"dataType":"Device Info", "deleted":"0", "process_failed_to_decrypt":"0", "process_pending_decryption":"0", "process_success":"6", "total":"6"}}
{"logTime": "0424/035045", "correlationVector":"FaczpZM7/i889ohE976rOr.4","action":"GetUpdates Response", "result":"Success", "context":Received 62 update(s). cV=FaczpZM7/i889ohE976rOr.0;server=akswtt113000000;cloudType=Consumer;environment=Prod_eastus2_prod-s01-050-nam-eastus2;migrationStage=NotStarted}
{"logTime": "0424/035045", "correlationVector":"LyNM23jBJDuHIWyplFWC8T","action":"Initial GetUpdates", "result":"", "context":Reason: NEWLY_SUPPORTED_DATATYPE. cV=LyNM23jBJDuHIWyplFWC8T}
{"logTime": "0424/035046", "correlationVector":"LyNM23jBJDuHIWyplFWC8T.1","action":"SyncServerConnectionManagerRequest", "result":"SYNC_SERVER_OK", "context":{"environment":"Prod_eastus2_prod-s01-050-nam-eastus2", "migrationStage":"NotStarted", "server":"akswtt11300000n"}}
{"logTime": "0424/035046", "correlationVector":"LyNM23jBJDuHIWyplFWC8T.2","action":"ProcessGetUpdates", "result":"Done", "context":{"dataType":"Bookmarks", "deleted":"0", "process_failed_to_decrypt":"0", "process_pending_decryption":"0", "process_success":"27", "total":"27"}}
{"logTime": "0424/035046", "correlationVector":"LyNM23jBJDuHIWyplFWC8T.3","action":"GetUpdates Response", "result":"Success", "context":Received 27 update(s). cV=LyNM23jBJDuHIWyplFWC8T.0;server=akswtt11300000n;cloudType=Consumer;environment=Prod_eastus2_prod-s01-050-nam-eastus2;migrationStage=NotStarted}
{"logTime": "0424/035046", "correlationVector":"Wb7GNlBfY2iulNfoouIfw9","action":"Initial GetUpdates", "result":"", "context":Reason: NEWLY_SUPPORTED_DATATYPE. cV=Wb7GNlBfY2iulNfoouIfw9}
{"logTime": "0424/035046", "correlationVector":"Wb7GNlBfY2iulNfoouIfw9.1","action":"SyncServerConnectionManagerRequest", "result":"SYNC_SERVER_OK", "context":{"environment":"Prod_eastus2_prod-s01-050-nam-eastus2", "migrationStage":"NotStarted", "server":"akswtt11300000d"}}
{"logTime": "0424/035046", "correlationVector":"Wb7GNlBfY2iulNfoouIfw9.2","action":"ProcessGetUpdates", "result":"Done", "context":{"dataType":"Autofill", "deleted":"0", "process_failed_to_decrypt":"0", "process_pending_decryption":"0", "process_success":"2", "total":"2"}}
{"logTime": "0424/035046", "correlationVector":"Wb7GNlBfY2iulNfoouIfw9.3","action":"ProcessGetUpdates", "result":"Done", "context":{"dataType":"Sessions", "deleted":"0", "process_failed_to_decrypt":"0", "process_pending_decryption":"0", "process_success":"3", "total":"3"}}
{"logTime": "0424/035046", "correlationVector":"Wb7GNlBfY2iulNfoouIfw9.4","action":"ProcessGetUpdates", "result":"Done", "context":{"dataType":"Edge Hub App Usage", "deleted":"0", "process_failed_to_decrypt":"0", "process_pending_decryption":"0", "process_success":"1", "total":"1"}}
{"logTime": "0424/035046", "correlationVector":"Wb7GNlBfY2iulNfoouIfw9.5","action":"GetUpdates Response", "result":"Success", "context":Received 6 update(s). cV=Wb7GNlBfY2iulNfoouIfw9.0;server=akswtt11300000d;cloudType=Consumer;environment=Prod_eastus2_prod-s01-050-nam-eastus2;migrationStage=NotStarted}
{"logTime": "0424/035047", "correlationVector":"OYAO4PGHGftSkkhrLNecZH","action":"Initial GetUpdates", "result":"", "context":Reason: NEWLY_SUPPORTED_DATATYPE. cV=OYAO4PGHGftSkkhrLNecZH}
{"logTime": "0424/035047", "correlationVector":"OYAO4PGHGftSkkhrLNecZH.1","action":"SyncServerConnectionManagerRequest", "result":"SYNC_SERVER_OK", "context":{"environment":"Prod_eastus2_prod-s01-050-nam-eastus2", "migrationStage":"NotStarted", "server":"akswtt113000000"}}
{"logTime": "0424/035047", "correlationVector":"OYAO4PGHGftSkkhrLNecZH.2","action":"GetUpdates Response", "result":"Success", "context":Received 0 update(s). cV=OYAO4PGHGftSkkhrLNecZH.0;server=akswtt113000000;cloudType=Consumer;environment=Prod_eastus2_prod-s01-050-nam-eastus2;migrationStage=NotStarted}
{"logTime": "0424/035047", "correlationVector":"8bqe/zxRfDetUmU1lEaTYZ","action":"Normal GetUpdate request", "result":"", "context":cV=8bqe/zxRfDetUmU1lEaTYZ
Nudged types: Sessions, Device Info, User Consents
Refresh requested types: Bookmarks, Preferences, Passwords, Autofill Profiles, Autofill, Extensions, Sessions, Extension settings, History Delete Directives, Device Info, User Consents, Send Tab To Self, Web Apps, History, Saved Tab Group, WebAuthn Credentials, Collection, Edge E Drop, Edge Hub App Usage, Edge Wallet, Edge Workspace, Encryption Keys}
{"logTime": "0424/035047", "correlationVector":"8bqe/zxRfDetUmU1lEaTYZ.1","action":"SyncServerConnectionManagerRequest", "result":"SYNC_SERVER_OK", "context":{"environment":"Prod_eastus2_prod-s01-050-nam-eastus2", "migrationStage":"NotStarted", "server":"akswtt11300001c"}}
{"logTime": "0424/035047", "correlationVector":"8bqe/zxRfDetUmU1lEaTYZ.2","action":"GetUpdates Response", "result":"Success", "context":Received 0 update(s). cV=8bqe/zxRfDetUmU1lEaTYZ.0;server=akswtt11300001c;cloudType=Consumer;environment=Prod_eastus2_prod-s01-050-nam-eastus2;migrationStage=NotStarted}
{"logTime": "0424/035047", "correlationVector":"mYhzecoO4QrkctyN5Vs6mD","action":"DoCompareDataConsistency requsted types: ", "result":"Bookmarks, Preferences, Passwords, Extensions, Extension settings, History Delete Directives, Send Tab To Self, Web Apps, History, Saved Tab Group, WebAuthn Credentials, Collection, Edge E Drop, Edge Wallet, Edge Workspace, Encryption Keys"}
{"logTime": "0424/035047", "correlationVector":"mYhzecoO4QrkctyN5Vs6mD.0","action":"CompareDataConsistency result: ", "result":"Compare result: Encryption Keys is consistent. local entities count is: 1 local entities hash is: O3IwH5lgEz5zoJkHDjCLdZSU6ME="}
{"logTime": "0424/035047", "correlationVector":"mYhzecoO4QrkctyN5Vs6mD.1","action":"CompareDataConsistency result: ", "result":"Compare result: Bookmarks is consistent. local entities count is: 21 local entities hash is: CzBpeVMSbthnGgrOoV/1vfgqDnM="}
{"logTime": "0424/035047", "correlationVector":"mYhzecoO4QrkctyN5Vs6mD.2","action":"CompareDataConsistency result: ", "result":"Compare result: Preferences is consistent. local entities count is: 56 local entities hash is: ODw4VfGDmu5csf9C7c6CRDH/nJs="}
{"logTime": "0424/035047", "correlationVector":"mYhzecoO4QrkctyN5Vs6mD.3","action":"CompareDataConsistency result: ", "result":"Compare result: Extensions is consistent. local entities count is: 0 local entities hash is: "}
{"logTime": "0424/035047", "correlationVector":"mYhzecoO4QrkctyN5Vs6mD.4","action":"CompareDataConsistency result: ", "result":"Compare result: Extension settings is consistent. local entities count is: 0 local entities hash is: "}
{"logTime": "0424/035047", "correlationVector":"mYhzecoO4QrkctyN5Vs6mD.5","action":"CompareDataConsistency result: ", "result":"Compare result: History Delete Directives is consistent. local entities count is: 0 local entities hash is: "}
{"logTime": "0424/035047", "correlationVector":"mYhzecoO4QrkctyN5Vs6mD.6","action":"CompareDataConsistency result: ", "result":"Server did not send this Send Tab To Self local entities count is: 0 local entities hash is: "}
{"logTime": "0424/035047", "correlationVector":"mYhzecoO4QrkctyN5Vs6mD.7","action":"CompareDataConsistency result: ", "result":"Compare result: Web Apps is consistent. local entities count is: 0 local entities hash is: "}
{"logTime": "0424/035047", "correlationVector":"mYhzecoO4QrkctyN5Vs6mD.8","action":"CompareDataConsistency result: ", "result":"Server did not send this History local entities count is: 0 local entities hash is: "}
{"logTime": "0424/035047", "correlationVector":"mYhzecoO4QrkctyN5Vs6mD.9","action":"CompareDataConsistency result: ", "result":"Compare result: Saved Tab Group is consistent. local entities count is: 0 local entities hash is: "}
{"logTime": "0424/035047", "correlationVector":"mYhzecoO4QrkctyN5Vs6mD.10","action":"CompareDataConsistency result: ", "result":"Server did not send this WebAuthn Credentials local entities count is: 0 local entities hash is: "}
{"logTime": "0424/035047", "correlationVector":"mYhzecoO4QrkctyN5Vs6mD.11","action":"CompareDataConsistency result: ", "result":"Compare result: Collection is consistent. local entities count is: 0 local entities hash is: "}
{"logTime": "0424/035047", "correlationVector":"mYhzecoO4QrkctyN5Vs6mD.12","action":"CompareDataConsistency result: ", "result":"Compare result: Edge E Drop is consistent. local entities count is: 0 local entities hash is: "}
{"logTime": "0424/035047", "correlationVector":"mYhzecoO4QrkctyN5Vs6mD.13","action":"CompareDataConsistency result: ", "result":"Compare result: Edge Wallet is consistent. local entities count is: 0 local entities hash is: "}
{"logTime": "0424/035047", "correlationVector":"mYhzecoO4QrkctyN5Vs6mD.14","action":"CompareDataConsistency result: ", "result":"Server did not send this Edge Workspace local entities count is: 0 local entities hash is: "}
{"logTime": "0424/035047", "correlationVector":"mYhzecoO4QrkctyN5Vs6mD.15","action":"CompareDataConsistency result: ", "result":"Compare result: Passwords is consistent. local entities count is: 0 local entities hash is: "}
{"logTime": "0424/035047", "correlationVector":"FTlBM24GRsO3LsrKjD10LT","action":"Commit Request", "result":"", "context":Item count: 4
Contributing types: Sessions, Device Info, User Consents}
{"logTime": "0424/035048", "correlationVector":"FTlBM24GRsO3LsrKjD10LT.1","action":"SyncServerConnectionManagerRequest", "result":"SYNC_SERVER_OK", "context":{"environment":"Prod_eastus2_prod-s01-050-nam-eastus2", "migrationStage":"NotStarted", "server":"akswtt113000000"}}
{"logTime": "0424/035048", "correlationVector":"FTlBM24GRsO3LsrKjD10LT.2","action":"Commit Response", "result":"Success", "context":Result: Success. cV=FTlBM24GRsO3LsrKjD10LT.0;server=akswtt113000000;cloudType=Consumer;environment=Prod_eastus2_prod-s01-050-nam-eastus2;migrationStage=NotStarted}
{"logTime": "0424/035048", "correlationVector":"","action":"DIAGNOSTIC_REQUEST|v1/diagnosticData/Diagnostic.SendCheckResult()|SUCCESS", "result":""}
{"logTime": "0424/035050", "correlationVector":"8pjg11UN1Ns4P+3vdq7ors","action":"Normal GetUpdate request", "result":"", "context":cV=8pjg11UN1Ns4P+3vdq7ors
Notified types: History}
{"logTime": "0424/035051", "correlationVector":"8pjg11UN1Ns4P+3vdq7ors.1","action":"SyncServerConnectionManagerRequest", "result":"SYNC_SERVER_OK", "context":{"environment":"Prod_eastus2_prod-s01-050-nam-eastus2", "migrationStage":"NotStarted", "server":"akswtt11300000d"}}
{"logTime": "0424/035051", "correlationVector":"8pjg11UN1Ns4P+3vdq7ors.2","action":"ProcessGetUpdates", "result":"Done", "context":{"dataType":"Sessions", "deleted":"0", "process_failed_to_decrypt":"0", "process_pending_decryption":"0", "process_success":"3", "total":"3"}}
{"logTime": "0424/035051", "correlationVector":"8pjg11UN1Ns4P+3vdq7ors.3","action":"ProcessGetUpdates", "result":"Done", "context":{"dataType":"Device Info", "deleted":"0", "process_failed_to_decrypt":"0", "process_pending_decryption":"0", "process_success":"1", "total":"1"}}
{"logTime": "0424/035051", "correlationVector":"8pjg11UN1Ns4P+3vdq7ors.4","action":"ProcessGetUpdates", "result":"Done", "context":{"dataType":"History", "deleted":"0", "process_failed_to_decrypt":"0", "process_pending_decryption":"0", "process_success":"2", "total":"2"}}
{"logTime": "0424/035051", "correlationVector":"8pjg11UN1Ns4P+3vdq7ors.5","action":"GetUpdates Response", "result":"Success", "context":Received 6 update(s). cV=8pjg11UN1Ns4P+3vdq7ors.0;server=akswtt11300000d;cloudType=Consumer;environment=Prod_eastus2_prod-s01-050-nam-eastus2;migrationStage=NotStarted}
{"logTime": "0424/035138", "correlationVector":"Z8kerktblNfX4JQSHI2AcR","action":"Normal GetUpdate request", "result":"", "context":cV=Z8kerktblNfX4JQSHI2AcR
Notified types: Device Info, History}
{"logTime": "0424/035138", "correlationVector":"Z8kerktblNfX4JQSHI2AcR.1","action":"SyncServerConnectionManagerRequest", "result":"SYNC_SERVER_OK", "context":{"environment":"Prod_eastus2_prod-s01-050-nam-eastus2", "migrationStage":"NotStarted", "server":"akswtt113000019"}}
{"logTime": "0424/035138", "correlationVector":"Z8kerktblNfX4JQSHI2AcR.2","action":"ProcessGetUpdates", "result":"Done", "context":{"dataType":"Sessions", "deleted":"0", "process_failed_to_decrypt":"0", "process_pending_decryption":"0", "process_success":"2", "total":"2"}}
{"logTime": "0424/035138", "correlationVector":"Z8kerktblNfX4JQSHI2AcR.3","action":"ProcessGetUpdates", "result":"Done", "context":{"dataType":"Device Info", "deleted":"0", "process_failed_to_decrypt":"0", "process_pending_decryption":"0", "process_success":"1", "total":"1"}}
{"logTime": "0424/035138", "correlationVector":"Z8kerktblNfX4JQSHI2AcR.4","action":"ProcessGetUpdates", "result":"Done", "context":{"dataType":"History", "deleted":"0", "process_failed_to_decrypt":"0", "process_pending_decryption":"0", "process_success":"1", "total":"1"}}
{"logTime": "0424/035138", "correlationVector":"Z8kerktblNfX4JQSHI2AcR.5","action":"GetUpdates Response", "result":"Success", "context":Received 4 update(s). cV=Z8kerktblNfX4JQSHI2AcR.0;server=akswtt113000019;cloudType=Consumer;environment=Prod_eastus2_prod-s01-050-nam-eastus2;migrationStage=NotStarted}
