{"logTime": "0424/034821", "correlationVector":"0QfhJjUPYNce19iq57/eCD.1","action":"SyncServerConnectionManagerRequest", "result":"SYNC_SERVER_OK", "context":{"environment":"Prod_eastus2_prod-s01-050-nam-eastus2", "migrationStage":"NotStarted", "server":"akswtt113000010"}}
{"logTime": "0424/034821", "correlationVector":"0QfhJjUPYNce19iq57/eCD.2","action":"ProcessGetUpdates", "result":"Done", "context":{"dataType":"Encryption Keys", "deleted":"0", "process_failed_to_decrypt":"0", "process_pending_decryption":"0", "process_success":"1", "total":"1"}}
{"logTime": "0424/034822", "correlationVector":"cLQrZOZ7f26135jW38NP4M","action":"SyncServerConnectionManagerRequest", "result":"SYNC_SERVER_OK", "context":{"environment":"", "migrationStage":"", "server":""}}
{"logTime": "0424/034822", "correlationVector":"cLQrZOZ7f26135jW38NP4M.0","action":"EncryptionKeysFetcher.DownloadKeys:", "result":"Success", "context":Key count: 5, Last key timestamp: 2026-04-22T01:56:55Z}
{"logTime": "0424/034822", "correlationVector":"cLQrZOZ7f26135jW38NP4M.1","action":"EncryptionKeysManager::SetEncryptionKeys:", "result":"Success", "context":Key names[5]:[waznrqHtUXiwBgEGhFou4ow2FAHJxrgFl4EoFQuF9AUqy7mfJj+i2eAWb/dm1YG0FwaNQDwC8UD282im347XmQ==][jg5C1YdngHV4LbrDok54SUEs02C8+BaQhjBUbQgCK8PbfgM+NxPWXumPOn5pV6jDvZSr7exNwWj6z2a2On5f3g==][PLDG7LuJ53mnGqkk4uP7LBnJ96txs5H9OFeRZNLQbd5+DOD8zkKtyp25m9E34t4PPJZjt2RUXBxuZJ/BXXGyBw==][Nk3KZWbQzuUN5+EIeEbCVJck3FjPzu+D1Br3mmNBexgE3oBVx67tcSQ3zaFxtvlpzh/YXliFcY9L41m/qZy9tA==][zKkMPgKvX8JBp6BugswnsPhTmjpOYauhX4EDc/4VC0ID4SojWB21LNCrV0qqBzoPmW2C1bsNuNj59nbyHnLMMA==]}
{"logTime": "0424/034822", "correlationVector":"cLQrZOZ7f26135jW38NP4M.2","action":"EncryptionKeysManager::SetEncryptionKeysWithTimestamps:", "result":"Success", "context":Key timestamps[5]:[2022-02-02T18:58:47Z][2022-02-27T21:47:46Z][2025-09-18T05:55:40Z][2025-09-19T05:42:13Z][2026-04-22T01:56:55Z]}
{"logTime": "0424/034822", "correlationVector":"0QfhJjUPYNce19iq57/eCD","action":"Initial GetUpdates", "result":"", "context":Reason: NEW_CLIENT. cV=0QfhJjUPYNce19iq57/eCD}
{"logTime": "0424/034822", "correlationVector":"0QfhJjUPYNce19iq57/eCD.3","action":"GetUpdates Response", "result":"Success", "context":Received 1 update(s). cV=0QfhJjUPYNce19iq57/eCD.0;server=akswtt113000010;cloudType=Consumer;environment=Prod_eastus2_prod-s01-050-nam-eastus2;migrationStage=NotStarted}
{"logTime": "0424/034822", "correlationVector":"fw3zqTwVEzkgsIkDhRx++2","action":"Initial GetUpdates", "result":"", "context":Reason: NEWLY_SUPPORTED_DATATYPE. cV=fw3zqTwVEzkgsIkDhRx++2}
{"logTime": "0424/034822", "correlationVector":"fw3zqTwVEzkgsIkDhRx++2.1","action":"SyncServerConnectionManagerRequest", "result":"SYNC_SERVER_OK", "context":{"environment":"Prod_eastus2_prod-s01-050-nam-eastus2", "migrationStage":"NotStarted", "server":"akswtt11300001n"}}
{"logTime": "0424/034822", "correlationVector":"fw3zqTwVEzkgsIkDhRx++2.2","action":"ProcessGetUpdates", "result":"Done", "context":{"dataType":"Preferences", "deleted":"0", "process_failed_to_decrypt":"0", "process_pending_decryption":"0", "process_success":"52", "total":"52"}}
{"logTime": "0424/034822", "correlationVector":"fw3zqTwVEzkgsIkDhRx++2.3","action":"ProcessGetUpdates", "result":"Done", "context":{"dataType":"Device Info", "deleted":"0", "process_failed_to_decrypt":"0", "process_pending_decryption":"0", "process_success":"5", "total":"5"}}
{"logTime": "0424/034822", "correlationVector":"fw3zqTwVEzkgsIkDhRx++2.4","action":"GetUpdates Response", "result":"Success", "context":Received 57 update(s). cV=fw3zqTwVEzkgsIkDhRx++2.0;server=akswtt11300001n;cloudType=Consumer;environment=Prod_eastus2_prod-s01-050-nam-eastus2;migrationStage=NotStarted}
{"logTime": "0424/034822", "correlationVector":"6nD87XYYZW+ELWaG81k4R5","action":"Initial GetUpdates", "result":"", "context":Reason: NEWLY_SUPPORTED_DATATYPE. cV=6nD87XYYZW+ELWaG81k4R5}
{"logTime": "0424/034822", "correlationVector":"6nD87XYYZW+ELWaG81k4R5.1","action":"SyncServerConnectionManagerRequest", "result":"SYNC_SERVER_OK", "context":{"environment":"Prod_eastus2_prod-s01-050-nam-eastus2", "migrationStage":"NotStarted", "server":"akswtt113000010"}}
{"logTime": "0424/034822", "correlationVector":"6nD87XYYZW+ELWaG81k4R5.2","action":"ProcessGetUpdates", "result":"Done", "context":{"dataType":"Bookmarks", "deleted":"0", "process_failed_to_decrypt":"0", "process_pending_decryption":"0", "process_success":"27", "total":"27"}}
{"logTime": "0424/034822", "correlationVector":"6nD87XYYZW+ELWaG81k4R5.3","action":"GetUpdates Response", "result":"Success", "context":Received 27 update(s). cV=6nD87XYYZW+ELWaG81k4R5.0;server=akswtt113000010;cloudType=Consumer;environment=Prod_eastus2_prod-s01-050-nam-eastus2;migrationStage=NotStarted}
{"logTime": "0424/034823", "correlationVector":"U9Lu/DlkeZ/MKkUBU4OIA7","action":"Initial GetUpdates", "result":"", "context":Reason: NEWLY_SUPPORTED_DATATYPE. cV=U9Lu/DlkeZ/MKkUBU4OIA7}
{"logTime": "0424/034823", "correlationVector":"U9Lu/DlkeZ/MKkUBU4OIA7.1","action":"SyncServerConnectionManagerRequest", "result":"SYNC_SERVER_OK", "context":{"environment":"Prod_eastus2_prod-s01-050-nam-eastus2", "migrationStage":"NotStarted", "server":"akswtt11300000r"}}
{"logTime": "0424/034823", "correlationVector":"U9Lu/DlkeZ/MKkUBU4OIA7.2","action":"ProcessGetUpdates", "result":"Done", "context":{"dataType":"Autofill", "deleted":"0", "process_failed_to_decrypt":"0", "process_pending_decryption":"0", "process_success":"2", "total":"2"}}
{"logTime": "0424/034823", "correlationVector":"U9Lu/DlkeZ/MKkUBU4OIA7.3","action":"ProcessGetUpdates", "result":"Done", "context":{"dataType":"Sessions", "deleted":"0", "process_failed_to_decrypt":"0", "process_pending_decryption":"0", "process_success":"1", "total":"1"}}
{"logTime": "0424/034823", "correlationVector":"U9Lu/DlkeZ/MKkUBU4OIA7.4","action":"GetUpdates Response", "result":"Success", "context":Received 3 update(s). cV=U9Lu/DlkeZ/MKkUBU4OIA7.0;server=akswtt11300000r;cloudType=Consumer;environment=Prod_eastus2_prod-s01-050-nam-eastus2;migrationStage=NotStarted}
{"logTime": "0424/034823", "correlationVector":"iK/NGPBZNyCZnqRpi3zW3W","action":"Initial GetUpdates", "result":"", "context":Reason: NEWLY_SUPPORTED_DATATYPE. cV=iK/NGPBZNyCZnqRpi3zW3W}
{"logTime": "0424/034823", "correlationVector":"iK/NGPBZNyCZnqRpi3zW3W.1","action":"SyncServerConnectionManagerRequest", "result":"SYNC_SERVER_OK", "context":{"environment":"Prod_eastus2_prod-s01-050-nam-eastus2", "migrationStage":"NotStarted", "server":"akswtt11300001n"}}
{"logTime": "0424/034823", "correlationVector":"iK/NGPBZNyCZnqRpi3zW3W.2","action":"GetUpdates Response", "result":"Success", "context":Received 0 update(s). cV=iK/NGPBZNyCZnqRpi3zW3W.0;server=akswtt11300001n;cloudType=Consumer;environment=Prod_eastus2_prod-s01-050-nam-eastus2;migrationStage=NotStarted}
{"logTime": "0424/034823", "correlationVector":"62FdwFZaN+VKWTOcAS4x8U","action":"Normal GetUpdate request", "result":"", "context":cV=62FdwFZaN+VKWTOcAS4x8U
Nudged types: Preferences, Sessions, Device Info, User Consents
Refresh requested types: Bookmarks, Preferences, Passwords, Autofill Profiles, Autofill, Extensions, Sessions, Extension settings, History Delete Directives, Device Info, User Consents, Send Tab To Self, Web Apps, History, Saved Tab Group, WebAuthn Credentials, Collection, Edge E Drop, Edge Hub App Usage, Edge Wallet, Edge Workspace, Encryption Keys}
{"logTime": "0424/034823", "correlationVector":"62FdwFZaN+VKWTOcAS4x8U.1","action":"SyncServerConnectionManagerRequest", "result":"SYNC_SERVER_OK", "context":{"environment":"Prod_eastus2_prod-s01-050-nam-eastus2", "migrationStage":"NotStarted", "server":"akswtt113000010"}}
{"logTime": "0424/034823", "correlationVector":"62FdwFZaN+VKWTOcAS4x8U.2","action":"GetUpdates Response", "result":"Success", "context":Received 0 update(s). cV=62FdwFZaN+VKWTOcAS4x8U.0;server=akswtt113000010;cloudType=Consumer;environment=Prod_eastus2_prod-s01-050-nam-eastus2;migrationStage=NotStarted}
{"logTime": "0424/034823", "correlationVector":"gKhDsujzvNnihyg37kXjdJ","action":"Commit Request", "result":"", "context":Item count: 8
Contributing types: Preferences, Sessions, Device Info, User Consents}
{"logTime": "0424/034824", "correlationVector":"gKhDsujzvNnihyg37kXjdJ.1","action":"SyncServerConnectionManagerRequest", "result":"SYNC_SERVER_OK", "context":{"environment":"Prod_eastus2_prod-s01-050-nam-eastus2", "migrationStage":"NotStarted", "server":"akswtt11300000o"}}
{"logTime": "0424/034824", "correlationVector":"gKhDsujzvNnihyg37kXjdJ.2","action":"Commit Response", "result":"Success", "context":Result: Success. cV=gKhDsujzvNnihyg37kXjdJ.0;server=akswtt11300000o;cloudType=Consumer;environment=Prod_eastus2_prod-s01-050-nam-eastus2;migrationStage=NotStarted}
{"logTime": "0424/034825", "correlationVector":"jSpdFpvX4HHHyW50nDxzhK","action":"Commit Request", "result":"", "context":Item count: 1
Contributing types: Edge Hub App Usage}
{"logTime": "0424/034825", "correlationVector":"jSpdFpvX4HHHyW50nDxzhK.1","action":"SyncServerConnectionManagerRequest", "result":"SYNC_SERVER_OK", "context":{"environment":"Prod_eastus2_prod-s01-050-nam-eastus2", "migrationStage":"NotStarted", "server":"akswtt113000013"}}
{"logTime": "0424/034825", "correlationVector":"jSpdFpvX4HHHyW50nDxzhK.2","action":"Commit Response", "result":"Success", "context":Result: Success. cV=jSpdFpvX4HHHyW50nDxzhK.0;server=akswtt113000013;cloudType=Consumer;environment=Prod_eastus2_prod-s01-050-nam-eastus2;migrationStage=NotStarted}
{"logTime": "0424/034848", "correlationVector":"flNAIM0vKsBo9kd9Y4EeWl","action":"Commit Request", "result":"", "context":Item count: 1
Contributing types: Preferences}
{"logTime": "0424/034848", "correlationVector":"flNAIM0vKsBo9kd9Y4EeWl.1","action":"SyncServerConnectionManagerRequest", "result":"SYNC_SERVER_OK", "context":{"environment":"Prod_eastus2_prod-s01-050-nam-eastus2", "migrationStage":"NotStarted", "server":"akswtt11300000r"}}
{"logTime": "0424/034848", "correlationVector":"flNAIM0vKsBo9kd9Y4EeWl.2","action":"Commit Response", "result":"Success", "context":Result: Success. cV=flNAIM0vKsBo9kd9Y4EeWl.0;server=akswtt11300000r;cloudType=Consumer;environment=Prod_eastus2_prod-s01-050-nam-eastus2;migrationStage=NotStarted}
{"logTime": "0424/035049", "correlationVector":"vngRWtsbId52wNV616U8YE","action":"Normal GetUpdate request", "result":"", "context":cV=vngRWtsbId52wNV616U8YE
Nudged types: Sessions, History
Notified types: Device Info}
{"logTime": "0424/035049", "correlationVector":"vngRWtsbId52wNV616U8YE.1","action":"SyncServerConnectionManagerRequest", "result":"SYNC_SERVER_OK", "context":{"environment":"Prod_eastus2_prod-s01-050-nam-eastus2", "migrationStage":"NotStarted", "server":"akswtt11300001n"}}
{"logTime": "0424/035049", "correlationVector":"vngRWtsbId52wNV616U8YE.2","action":"ProcessGetUpdates", "result":"Done", "context":{"dataType":"Preferences", "deleted":"0", "process_failed_to_decrypt":"0", "process_pending_decryption":"0", "process_success":"5", "total":"5"}}
{"logTime": "0424/035049", "correlationVector":"vngRWtsbId52wNV616U8YE.3","action":"ProcessGetUpdates", "result":"Done", "context":{"dataType":"Sessions", "deleted":"0", "process_failed_to_decrypt":"0", "process_pending_decryption":"0", "process_success":"4", "total":"4"}}
{"logTime": "0424/035049", "correlationVector":"vngRWtsbId52wNV616U8YE.4","action":"ProcessGetUpdates", "result":"Done", "context":{"dataType":"Device Info", "deleted":"0", "process_failed_to_decrypt":"0", "process_pending_decryption":"0", "process_success":"2", "total":"2"}}
{"logTime": "0424/035049", "correlationVector":"vngRWtsbId52wNV616U8YE.5","action":"ProcessGetUpdates", "result":"Done", "context":{"dataType":"Edge Hub App Usage", "deleted":"0", "process_failed_to_decrypt":"0", "process_pending_decryption":"0", "process_success":"1", "total":"1"}}
{"logTime": "0424/035049", "correlationVector":"vngRWtsbId52wNV616U8YE.6","action":"GetUpdates Response", "result":"Success", "context":Received 12 update(s). cV=vngRWtsbId52wNV616U8YE.0;server=akswtt11300001n;cloudType=Consumer;environment=Prod_eastus2_prod-s01-050-nam-eastus2;migrationStage=NotStarted}
{"logTime": "0424/035049", "correlationVector":"Y3Dd8CwP9w9q+sR39mKYVE","action":"DoCompareDataConsistency: ", "result":"has local changes and skip compare"}
{"logTime": "0424/035049", "correlationVector":"pe6cqdEwClGxNwVhwdVDSr","action":"Commit Request", "result":"", "context":Item count: 3
Contributing types: Sessions, History}
{"logTime": "0424/035050", "correlationVector":"pe6cqdEwClGxNwVhwdVDSr.1","action":"SyncServerConnectionManagerRequest", "result":"SYNC_SERVER_OK", "context":{"environment":"Prod_eastus2_prod-s01-050-nam-eastus2", "migrationStage":"NotStarted", "server":"akswtt113000008"}}
{"logTime": "0424/035050", "correlationVector":"pe6cqdEwClGxNwVhwdVDSr.2","action":"Commit Response", "result":"Success", "context":Result: Success. cV=pe6cqdEwClGxNwVhwdVDSr.0;server=akswtt113000008;cloudType=Consumer;environment=Prod_eastus2_prod-s01-050-nam-eastus2;migrationStage=NotStarted}
{"logTime": "0424/035138", "correlationVector":"OZh9ivalKGaYjef4CNDyg/","action":"Normal GetUpdate request", "result":"", "context":cV=OZh9ivalKGaYjef4CNDyg/
Nudged types: Sessions, History
Notified types: Device Info, History}
{"logTime": "0424/035138", "correlationVector":"OZh9ivalKGaYjef4CNDyg/.1","action":"SyncServerConnectionManagerRequest", "result":"SYNC_SERVER_OK", "context":{"environment":"Prod_eastus2_prod-s01-050-nam-eastus2", "migrationStage":"NotStarted", "server":"akswtt11300000u"}}
{"logTime": "0424/035138", "correlationVector":"OZh9ivalKGaYjef4CNDyg/.2","action":"ProcessGetUpdates", "result":"Done", "context":{"dataType":"Sessions", "deleted":"0", "process_failed_to_decrypt":"0", "process_pending_decryption":"0", "process_success":"3", "total":"3"}}
{"logTime": "0424/035138", "correlationVector":"OZh9ivalKGaYjef4CNDyg/.3","action":"ProcessGetUpdates", "result":"Done", "context":{"dataType":"Device Info", "deleted":"0", "process_failed_to_decrypt":"0", "process_pending_decryption":"0", "process_success":"1", "total":"1"}}
{"logTime": "0424/035138", "correlationVector":"OZh9ivalKGaYjef4CNDyg/.4","action":"ProcessGetUpdates", "result":"Done", "context":{"dataType":"History", "deleted":"0", "process_failed_to_decrypt":"0", "process_pending_decryption":"0", "process_success":"3", "total":"3"}}
{"logTime": "0424/035138", "correlationVector":"OZh9ivalKGaYjef4CNDyg/.5","action":"GetUpdates Response", "result":"Success", "context":Received 7 update(s). cV=OZh9ivalKGaYjef4CNDyg/.0;server=akswtt11300000u;cloudType=Consumer;environment=Prod_eastus2_prod-s01-050-nam-eastus2;migrationStage=NotStarted}
