{"logTime": "0424/035131", "correlationVector":"xaYqtkDj90v9xBrtHHq9AP.1","action":"SyncServerConnectionManagerRequest", "result":"SYNC_SERVER_OK", "context":{"environment":"Prod_eastus2_prod-s01-050-nam-eastus2", "migrationStage":"NotStarted", "server":"akswtt11300001n"}}
{"logTime": "0424/035131", "correlationVector":"xaYqtkDj90v9xBrtHHq9AP.2","action":"ProcessGetUpdates", "result":"Done", "context":{"dataType":"Encryption Keys", "deleted":"0", "process_failed_to_decrypt":"0", "process_pending_decryption":"0", "process_success":"1", "total":"1"}}
{"logTime": "0424/035132", "correlationVector":"At05VAfen2OfRCf1agg+L+","action":"SyncServerConnectionManagerRequest", "result":"SYNC_SERVER_OK", "context":{"environment":"", "migrationStage":"", "server":""}}
{"logTime": "0424/035132", "correlationVector":"At05VAfen2OfRCf1agg+L+.0","action":"EncryptionKeysFetcher.DownloadKeys:", "result":"Success", "context":Key count: 5, Last key timestamp: 2026-04-22T01:56:55Z}
{"logTime": "0424/035132", "correlationVector":"At05VAfen2OfRCf1agg+L+.1","action":"EncryptionKeysManager::SetEncryptionKeys:", "result":"Success", "context":Key names[5]:[waznrqHtUXiwBgEGhFou4ow2FAHJxrgFl4EoFQuF9AUqy7mfJj+i2eAWb/dm1YG0FwaNQDwC8UD282im347XmQ==][jg5C1YdngHV4LbrDok54SUEs02C8+BaQhjBUbQgCK8PbfgM+NxPWXumPOn5pV6jDvZSr7exNwWj6z2a2On5f3g==][PLDG7LuJ53mnGqkk4uP7LBnJ96txs5H9OFeRZNLQbd5+DOD8zkKtyp25m9E34t4PPJZjt2RUXBxuZJ/BXXGyBw==][Nk3KZWbQzuUN5+EIeEbCVJck3FjPzu+D1Br3mmNBexgE3oBVx67tcSQ3zaFxtvlpzh/YXliFcY9L41m/qZy9tA==][zKkMPgKvX8JBp6BugswnsPhTmjpOYauhX4EDc/4VC0ID4SojWB21LNCrV0qqBzoPmW2C1bsNuNj59nbyHnLMMA==]}
{"logTime": "0424/035132", "correlationVector":"At05VAfen2OfRCf1agg+L+.2","action":"EncryptionKeysManager::SetEncryptionKeysWithTimestamps:", "result":"Success", "context":Key timestamps[5]:[2022-02-02T18:58:47Z][2022-02-27T21:47:46Z][2025-09-18T05:55:40Z][2025-09-19T05:42:13Z][2026-04-22T01:56:55Z]}
{"logTime": "0424/035133", "correlationVector":"xaYqtkDj90v9xBrtHHq9AP","action":"Initial GetUpdates", "result":"", "context":Reason: NEW_CLIENT. cV=xaYqtkDj90v9xBrtHHq9AP}
{"logTime": "0424/035133", "correlationVector":"xaYqtkDj90v9xBrtHHq9AP.3","action":"GetUpdates Response", "result":"Success", "context":Received 1 update(s). cV=xaYqtkDj90v9xBrtHHq9AP.0;server=akswtt11300001n;cloudType=Consumer;environment=Prod_eastus2_prod-s01-050-nam-eastus2;migrationStage=NotStarted}
{"logTime": "0424/035133", "correlationVector":"u7Gb3uDNMagPz0K2pRjX8c","action":"Initial GetUpdates", "result":"", "context":Reason: NEWLY_SUPPORTED_DATATYPE. cV=u7Gb3uDNMagPz0K2pRjX8c}
{"logTime": "0424/035134", "correlationVector":"u7Gb3uDNMagPz0K2pRjX8c.1","action":"SyncServerConnectionManagerRequest", "result":"SYNC_SERVER_OK", "context":{"environment":"Prod_eastus2_prod-s01-050-nam-eastus2", "migrationStage":"NotStarted", "server":"akswtt113000012"}}
{"logTime": "0424/035134", "correlationVector":"u7Gb3uDNMagPz0K2pRjX8c.2","action":"ProcessGetUpdates", "result":"Done", "context":{"dataType":"Preferences", "deleted":"0", "process_failed_to_decrypt":"0", "process_pending_decryption":"0", "process_success":"56", "total":"56"}}
{"logTime": "0424/035134", "correlationVector":"u7Gb3uDNMagPz0K2pRjX8c.3","action":"ProcessGetUpdates", "result":"Done", "context":{"dataType":"Device Info", "deleted":"0", "process_failed_to_decrypt":"0", "process_pending_decryption":"0", "process_success":"7", "total":"7"}}
{"logTime": "0424/035134", "correlationVector":"u7Gb3uDNMagPz0K2pRjX8c.4","action":"GetUpdates Response", "result":"Success", "context":Received 63 update(s). cV=u7Gb3uDNMagPz0K2pRjX8c.0;server=akswtt113000012;cloudType=Consumer;environment=Prod_eastus2_prod-s01-050-nam-eastus2;migrationStage=NotStarted}
{"logTime": "0424/035134", "correlationVector":"WrjJPsjuWlwYP/df9Sp3Hq","action":"Initial GetUpdates", "result":"", "context":Reason: NEWLY_SUPPORTED_DATATYPE. cV=WrjJPsjuWlwYP/df9Sp3Hq}
{"logTime": "0424/035135", "correlationVector":"WrjJPsjuWlwYP/df9Sp3Hq.1","action":"SyncServerConnectionManagerRequest", "result":"SYNC_SERVER_OK", "context":{"environment":"Prod_eastus2_prod-s01-050-nam-eastus2", "migrationStage":"NotStarted", "server":"akswtt113000000"}}
{"logTime": "0424/035135", "correlationVector":"WrjJPsjuWlwYP/df9Sp3Hq.2","action":"ProcessGetUpdates", "result":"Done", "context":{"dataType":"Bookmarks", "deleted":"0", "process_failed_to_decrypt":"0", "process_pending_decryption":"0", "process_success":"27", "total":"27"}}
{"logTime": "0424/035135", "correlationVector":"WrjJPsjuWlwYP/df9Sp3Hq.3","action":"GetUpdates Response", "result":"Success", "context":Received 27 update(s). cV=WrjJPsjuWlwYP/df9Sp3Hq.0;server=akswtt113000000;cloudType=Consumer;environment=Prod_eastus2_prod-s01-050-nam-eastus2;migrationStage=NotStarted}
{"logTime": "0424/035135", "correlationVector":"uDFtAV3UoTkOH9zGt5/uO8","action":"Initial GetUpdates", "result":"", "context":Reason: NEWLY_SUPPORTED_DATATYPE. cV=uDFtAV3UoTkOH9zGt5/uO8}
{"logTime": "0424/035135", "correlationVector":"uDFtAV3UoTkOH9zGt5/uO8.1","action":"SyncServerConnectionManagerRequest", "result":"SYNC_SERVER_OK", "context":{"environment":"Prod_eastus2_prod-s01-050-nam-eastus2", "migrationStage":"NotStarted", "server":"akswtt11300000w"}}
{"logTime": "0424/035135", "correlationVector":"uDFtAV3UoTkOH9zGt5/uO8.2","action":"ProcessGetUpdates", "result":"Done", "context":{"dataType":"Autofill", "deleted":"0", "process_failed_to_decrypt":"0", "process_pending_decryption":"0", "process_success":"2", "total":"2"}}
{"logTime": "0424/035135", "correlationVector":"uDFtAV3UoTkOH9zGt5/uO8.3","action":"ProcessGetUpdates", "result":"Done", "context":{"dataType":"Sessions", "deleted":"0", "process_failed_to_decrypt":"0", "process_pending_decryption":"0", "process_success":"5", "total":"5"}}
{"logTime": "0424/035135", "correlationVector":"uDFtAV3UoTkOH9zGt5/uO8.4","action":"ProcessGetUpdates", "result":"Done", "context":{"dataType":"Edge Hub App Usage", "deleted":"0", "process_failed_to_decrypt":"0", "process_pending_decryption":"0", "process_success":"1", "total":"1"}}
{"logTime": "0424/035135", "correlationVector":"uDFtAV3UoTkOH9zGt5/uO8.5","action":"GetUpdates Response", "result":"Success", "context":Received 8 update(s). cV=uDFtAV3UoTkOH9zGt5/uO8.0;server=akswtt11300000w;cloudType=Consumer;environment=Prod_eastus2_prod-s01-050-nam-eastus2;migrationStage=NotStarted}
{"logTime": "0424/035135", "correlationVector":"BBVp9BGhCRaJr9sXyFZaVN","action":"Initial GetUpdates", "result":"", "context":Reason: NEWLY_SUPPORTED_DATATYPE. cV=BBVp9BGhCRaJr9sXyFZaVN}
{"logTime": "0424/035136", "correlationVector":"BBVp9BGhCRaJr9sXyFZaVN.1","action":"SyncServerConnectionManagerRequest", "result":"SYNC_SERVER_OK", "context":{"environment":"Prod_eastus2_prod-s01-050-nam-eastus2", "migrationStage":"NotStarted", "server":"akswtt113000000"}}
{"logTime": "0424/035136", "correlationVector":"BBVp9BGhCRaJr9sXyFZaVN.2","action":"ProcessGetUpdates", "result":"Done", "context":{"dataType":"History", "deleted":"0", "process_failed_to_decrypt":"0", "process_pending_decryption":"0", "process_success":"2", "total":"2"}}
{"logTime": "0424/035136", "correlationVector":"BBVp9BGhCRaJr9sXyFZaVN.3","action":"GetUpdates Response", "result":"Success", "context":Received 2 update(s). cV=BBVp9BGhCRaJr9sXyFZaVN.0;server=akswtt113000000;cloudType=Consumer;environment=Prod_eastus2_prod-s01-050-nam-eastus2;migrationStage=NotStarted}
{"logTime": "0424/035136", "correlationVector":"ap/nr1yeBk3gvPHpo4Q1Gj","action":"Normal GetUpdate request", "result":"", "context":cV=ap/nr1yeBk3gvPHpo4Q1Gj
Nudged types: Sessions, Device Info, User Consents
Refresh requested types: Bookmarks, Preferences, Passwords, Autofill Profiles, Autofill, Extensions, Sessions, Extension settings, History Delete Directives, Device Info, User Consents, Send Tab To Self, Web Apps, History, Saved Tab Group, WebAuthn Credentials, Collection, Edge E Drop, Edge Hub App Usage, Edge Wallet, Edge Workspace, Encryption Keys}
{"logTime": "0424/035136", "correlationVector":"ap/nr1yeBk3gvPHpo4Q1Gj.1","action":"SyncServerConnectionManagerRequest", "result":"SYNC_SERVER_OK", "context":{"environment":"Prod_eastus2_prod-s01-050-nam-eastus2", "migrationStage":"NotStarted", "server":"akswtt11300001l"}}
{"logTime": "0424/035136", "correlationVector":"ap/nr1yeBk3gvPHpo4Q1Gj.2","action":"GetUpdates Response", "result":"Success", "context":Received 0 update(s). cV=ap/nr1yeBk3gvPHpo4Q1Gj.0;server=akswtt11300001l;cloudType=Consumer;environment=Prod_eastus2_prod-s01-050-nam-eastus2;migrationStage=NotStarted}
{"logTime": "0424/035136", "correlationVector":"o7E30TL/fczwbsmaVl0S8H","action":"DoCompareDataConsistency: ", "result":"has local changes and skip compare"}
{"logTime": "0424/035136", "correlationVector":"83EZbrP0wdfgt3j15fVqjc","action":"Commit Request", "result":"", "context":Item count: 5
Contributing types: Sessions, Device Info, User Consents, History}
{"logTime": "0424/035137", "correlationVector":"83EZbrP0wdfgt3j15fVqjc.1","action":"SyncServerConnectionManagerRequest", "result":"SYNC_SERVER_OK", "context":{"environment":"Prod_eastus2_prod-s01-050-nam-eastus2", "migrationStage":"NotStarted", "server":"akswtt11300000f"}}
{"logTime": "0424/035137", "correlationVector":"83EZbrP0wdfgt3j15fVqjc.2","action":"Commit Response", "result":"Success", "context":Result: Success. cV=83EZbrP0wdfgt3j15fVqjc.0;server=akswtt11300000f;cloudType=Consumer;environment=Prod_eastus2_prod-s01-050-nam-eastus2;migrationStage=NotStarted}
