2026-04-24 03:51:24.407: [INFO][Sync] Reset engine, reason: 8
2026-04-24 03:51:24.407: [INFO][Sync] Stopped: Bookmarks
2026-04-24 03:51:24.407: [INFO][Sync] Stopped: Preferences
2026-04-24 03:51:24.407: [INFO][Sync] Stopped: Passwords
2026-04-24 03:51:24.407: [INFO][Sync] Stopped: Autofill Profiles
2026-04-24 03:51:24.407: [INFO][Sync] Stopped: Autofill
2026-04-24 03:51:24.407: [INFO][Sync] Stopped: Extensions
2026-04-24 03:51:24.407: [INFO][Sync] Stopped: Sessions
2026-04-24 03:51:24.407: [INFO][Sync] Stopped: Extension settings
2026-04-24 03:51:24.407: [INFO][Sync] Stopped: History Delete Directives
2026-04-24 03:51:24.407: [INFO][Sync] Stopped: Device Info
2026-04-24 03:51:24.407: [INFO][Sync] Stopped: User Consents
2026-04-24 03:51:24.407: [INFO][Sync] Stopped: Send Tab To Self
2026-04-24 03:51:24.407: [INFO][Sync] Stopped: Web Apps
2026-04-24 03:51:24.407: [INFO][Sync] Stopped: History
2026-04-24 03:51:24.407: [INFO][Sync] Stopped: Saved Tab Group
2026-04-24 03:51:24.407: [INFO][Sync] Stopped: WebAuthn Credentials
2026-04-24 03:51:24.407: [INFO][Sync] Stopped: Collection
2026-04-24 03:51:24.407: [INFO][Sync] Stopped: Edge E Drop
2026-04-24 03:51:24.407: [INFO][Sync] Stopped: Edge Hub App Usage
2026-04-24 03:51:24.407: [INFO][Sync] Stopped: Edge Wallet
2026-04-24 03:51:24.407: [INFO][Sync] Stopped: Edge Workspace
2026-04-24 03:51:24.407: [INFO][Sync] SyncState after authenticated was: NotSignedIn
2026-04-24 03:51:24.847: [INFO][Sync] Reset engine, reason: 8
2026-04-24 03:51:24.847: [INFO][Sync] Stopped: Bookmarks
2026-04-24 03:51:24.847: [INFO][Sync] Stopped: Preferences
2026-04-24 03:51:24.848: [INFO][Sync] Stopped: Passwords
2026-04-24 03:51:24.848: [INFO][Sync] Stopped: Autofill Profiles
2026-04-24 03:51:24.848: [INFO][Sync] Stopped: Autofill
2026-04-24 03:51:24.848: [INFO][Sync] Stopped: Extensions
2026-04-24 03:51:24.848: [INFO][Sync] Stopped: Sessions
2026-04-24 03:51:24.848: [INFO][Sync] Stopped: Extension settings
2026-04-24 03:51:24.848: [INFO][Sync] Stopped: History Delete Directives
2026-04-24 03:51:24.848: [INFO][Sync] Stopped: Device Info
2026-04-24 03:51:24.848: [INFO][Sync] Stopped: User Consents
2026-04-24 03:51:24.848: [INFO][Sync] Stopped: Send Tab To Self
2026-04-24 03:51:24.848: [INFO][Sync] Stopped: Web Apps
2026-04-24 03:51:24.848: [INFO][Sync] Stopped: History
2026-04-24 03:51:24.848: [INFO][Sync] Stopped: Saved Tab Group
2026-04-24 03:51:24.848: [INFO][Sync] Stopped: WebAuthn Credentials
2026-04-24 03:51:24.848: [INFO][Sync] Stopped: Collection
2026-04-24 03:51:24.848: [INFO][Sync] Stopped: Edge E Drop
2026-04-24 03:51:24.848: [INFO][Sync] Stopped: Edge Hub App Usage
2026-04-24 03:51:24.848: [INFO][Sync] Stopped: Edge Wallet
2026-04-24 03:51:24.848: [INFO][Sync] Stopped: Edge Workspace
2026-04-24 03:51:28.969: [INFO][Sync] Try to start sync engine
2026-04-24 03:51:28.978: [INFO][SyncManagerImpl::NudgeForInitialDownload] Initial download nudge for Encryption Keys
2026-04-24 03:51:28.978: [INFO][SyncEngineBackend::LoadAndConnectNigoriController] Load and connect Nigori controller
2026-04-24 03:51:28.978: [INFO][SyncEngineBackend::DoInitialize] Control Types added: Encryption Keys
2026-04-24 03:51:28.978: [INFO][SyncManagerImpl::ConfigureSyncer] Types to download: Encryption Keys with reason: 3
2026-04-24 03:51:28.978: [INFO][SyncSchedulerImpl::DoConfigurationSyncCycleJob] Configure job was blocked
2026-04-24 03:51:29.545: [INFO][SyncAuthManager::SetLastAuthError] Current auth error: None
2026-04-24 03:51:29.545: [INFO][SyncAuthManager::EdgeLogTokenErrorState] Token error with: None for account type: MSA
2026-04-24 03:51:29.545: [INFO][Sync] Credentials changed for: EdgeSyncScopeNew
2026-04-24 03:51:30.348: [INFO][SyncAuthManager::SetLastAuthError] Current auth error: None
2026-04-24 03:51:30.348: [INFO][SyncAuthManager::EdgeLogTokenErrorState] Token error with: None for account type: MSA
2026-04-24 03:51:30.349: [INFO][Sync] Credentials changed for: EdgeSyncKeyDataScope
2026-04-24 03:51:30.350: [INFO][SyncEngineBackend::DoUpdateKeyDataCredentials] Update key data credentials
2026-04-24 03:51:30.350: [INFO][SyncEngineBackend::DoUpdateCredentials] Update credentials
2026-04-24 03:51:30.350: [INFO][SyncSchedulerImpl::DoConfigurationSyncCycleJob] Blocked types:  and types to download: Encryption Keys
2026-04-24 03:51:31.516: [INFO][Sync] Started DataTypeManager configuration, reason: 4
2026-04-24 03:51:31.516: [INFO][Sync] Configuring for: Bookmarks, Preferences, Passwords, Autofill Profiles, Autofill, Extensions, Sessions, Extension settings, History Delete Directives, Device Info, User Consents, Send Tab To Self, Web Apps, History, Saved Tab Group, WebAuthn Credentials, Collection, Edge E Drop, Edge Hub App Usage, Edge Wallet, Edge Workspace, Encryption Keys, reason: 3, current state: 0
2026-04-24 03:51:31.517: [WARN][Sync] Crypto error data types: Passwords, Autofill Profiles, Autofill
2026-04-24 03:51:31.518: [INFO][Sync] Configure, desired: Bookmarks, Preferences, Extensions, Sessions, Extension settings, History Delete Directives, Device Info, User Consents, Send Tab To Self, Web Apps, History, Saved Tab Group, WebAuthn Credentials, Collection, Edge E Drop, Edge Hub App Usage, Edge Wallet, Edge Workspace, Encryption Keys; Allow fail: Passwords, Autofill Profiles, Autofill
2026-04-24 03:51:31.519: [INFO][Sync] Loading: Bookmarks
2026-04-24 03:51:31.519: [INFO][Sync] Loading: Preferences
2026-04-24 03:51:31.519: [INFO][Sync] Loading: Extensions
2026-04-24 03:51:31.519: [INFO][Sync] Loading: Sessions
2026-04-24 03:51:31.519: [INFO][Sync] Loading: Extension settings
2026-04-24 03:51:31.519: [INFO][Sync] Loading: History Delete Directives
2026-04-24 03:51:31.519: [INFO][Sync] Loading: Device Info
2026-04-24 03:51:31.519: [INFO][Sync] Loading: User Consents
2026-04-24 03:51:31.519: [INFO][Sync] Loading: Send Tab To Self
2026-04-24 03:51:31.519: [INFO][Sync] Loading: Web Apps
2026-04-24 03:51:31.519: [INFO][Sync] Loading: History
2026-04-24 03:51:31.519: [INFO][Sync] Loading: Saved Tab Group
2026-04-24 03:51:31.519: [INFO][Sync] Loading: WebAuthn Credentials
2026-04-24 03:51:31.519: [INFO][Sync] Loading: Collection
2026-04-24 03:51:31.519: [INFO][Sync] Loading: Edge E Drop
2026-04-24 03:51:31.519: [INFO][Sync] Loading: Edge Hub App Usage
2026-04-24 03:51:31.519: [INFO][Sync] Loading: Edge Wallet
2026-04-24 03:51:31.519: [INFO][Sync] Loading: Edge Workspace
2026-04-24 03:51:31.535: [INFO][Sync] All data types are ready for configure.
2026-04-24 03:51:32.872: [INFO][SyncEngineBackend::DoStartConfiguration] Start configuration
2026-04-24 03:51:32.872: [INFO][SyncManagerImpl::NudgeForInitialDownload] Initial download nudge for Bookmarks
2026-04-24 03:51:32.872: [INFO][SyncManagerImpl::NudgeForInitialDownload] Initial download nudge for Preferences
2026-04-24 03:51:32.872: [INFO][SyncManagerImpl::NudgeForInitialDownload] Initial download nudge for Extensions
2026-04-24 03:51:32.872: [INFO][SyncManagerImpl::NudgeForInitialDownload] Initial download nudge for Sessions
2026-04-24 03:51:32.872: [INFO][SyncManagerImpl::NudgeForInitialDownload] Initial download nudge for Extension settings
2026-04-24 03:51:32.872: [INFO][SyncManagerImpl::NudgeForInitialDownload] Initial download nudge for History Delete Directives
2026-04-24 03:51:32.872: [INFO][SyncManagerImpl::NudgeForInitialDownload] Initial download nudge for Device Info
2026-04-24 03:51:32.872: [INFO][SyncManagerImpl::NudgeForInitialDownload] Initial download nudge for Send Tab To Self
2026-04-24 03:51:32.873: [INFO][SyncManagerImpl::NudgeForInitialDownload] Initial download nudge for Web Apps
2026-04-24 03:51:32.873: [INFO][SyncManagerImpl::NudgeForInitialDownload] Initial download nudge for History
2026-04-24 03:51:32.873: [INFO][SyncManagerImpl::NudgeForInitialDownload] Initial download nudge for Saved Tab Group
2026-04-24 03:51:32.873: [INFO][SyncManagerImpl::NudgeForInitialDownload] Initial download nudge for WebAuthn Credentials
2026-04-24 03:51:32.873: [INFO][SyncManagerImpl::NudgeForInitialDownload] Initial download nudge for Collection
2026-04-24 03:51:32.873: [INFO][SyncManagerImpl::NudgeForInitialDownload] Initial download nudge for Edge E Drop
2026-04-24 03:51:32.873: [INFO][SyncManagerImpl::NudgeForInitialDownload] Initial download nudge for Edge Hub App Usage
2026-04-24 03:51:32.873: [INFO][SyncManagerImpl::NudgeForInitialDownload] Initial download nudge for Edge Wallet
2026-04-24 03:51:32.873: [INFO][SyncManagerImpl::NudgeForInitialDownload] Initial download nudge for Edge Workspace
2026-04-24 03:51:32.873: [INFO][SyncManagerImpl::ConfigureSyncer] Types to download:  with reason: 3
2026-04-24 03:51:32.873: [INFO][SyncEngineBackend::DoFinishConfigureDataTypes] Failed to download types:  and succeeded types: 
2026-04-24 03:51:33.110: [INFO][Sync] Started DataTypeManager configuration, reason: 5
2026-04-24 03:51:33.110: [INFO][Sync] Configuring for: Bookmarks, Preferences, Passwords, Autofill Profiles, Autofill, Extensions, Sessions, Extension settings, History Delete Directives, Device Info, User Consents, Send Tab To Self, Web Apps, History, Saved Tab Group, WebAuthn Credentials, Collection, Edge E Drop, Edge Hub App Usage, Edge Wallet, Edge Workspace, Encryption Keys, reason: 5, current state: 1
2026-04-24 03:51:33.113: [INFO][Sync] ConfigurationDone, failed: , succeeded: , remaining count: 4
2026-04-24 03:51:33.113: [WARN][Sync]     Reconfigure requested while configuration ongoing.
2026-04-24 03:51:33.113: [INFO][Sync] Configuring for: Bookmarks, Preferences, Passwords, Autofill Profiles, Autofill, Extensions, Sessions, Extension settings, History Delete Directives, Device Info, User Consents, Send Tab To Self, Web Apps, History, Saved Tab Group, WebAuthn Credentials, Collection, Edge E Drop, Edge Hub App Usage, Edge Wallet, Edge Workspace, Encryption Keys, reason: 5, current state: 2
2026-04-24 03:51:33.113: [INFO][Sync] Configure, desired: Bookmarks, Preferences, Passwords, Autofill Profiles, Autofill, Extensions, Sessions, Extension settings, History Delete Directives, Device Info, User Consents, Send Tab To Self, Web Apps, History, Saved Tab Group, WebAuthn Credentials, Collection, Edge E Drop, Edge Hub App Usage, Edge Wallet, Edge Workspace, Encryption Keys; Allow fail: 
2026-04-24 03:51:33.113: [INFO][Sync] Loading: Passwords
2026-04-24 03:51:33.114: [INFO][Sync] Loading: Autofill Profiles
2026-04-24 03:51:33.114: [INFO][Sync] Loading: Autofill
2026-04-24 03:51:33.114: [INFO][Sync] All data types are ready for configure.
2026-04-24 03:51:33.114: [INFO][SyncManagerImpl::NudgeForInitialDownload] Initial download nudge for Passwords
2026-04-24 03:51:33.114: [INFO][SyncManagerImpl::NudgeForInitialDownload] Initial download nudge for Autofill Profiles
2026-04-24 03:51:33.114: [INFO][SyncManagerImpl::NudgeForInitialDownload] Initial download nudge for Autofill
2026-04-24 03:51:33.114: [INFO][SyncManagerImpl::ConfigureSyncer] Types to download:  with reason: 5
2026-04-24 03:51:33.114: [INFO][SyncEngineBackend::DoFinishConfigureDataTypes] Failed to download types:  and succeeded types: 
2026-04-24 03:51:33.131: [INFO][Sync] ConfigurationDone, failed: , succeeded: , remaining count: 4
2026-04-24 03:51:33.131: [INFO][Sync] Prepare to configure types: Preferences, Passwords, Device Info, Send Tab To Self, Edge E Drop, Encryption Keys
2026-04-24 03:51:33.132: [INFO][SyncManagerImpl::ConfigureSyncer] Types to download: Preferences, Passwords, Device Info, Send Tab To Self, Edge E Drop, Encryption Keys with reason: 5
2026-04-24 03:51:33.132: [INFO][SyncSchedulerImpl::DoConfigurationSyncCycleJob] Blocked types:  and types to download: Preferences, Passwords, Device Info, Send Tab To Self, Edge E Drop, Encryption Keys
2026-04-24 03:51:34.548: [INFO][SyncEngineBackend::DoFinishConfigureDataTypes] Failed to download types:  and succeeded types: Preferences, Passwords, Device Info, Send Tab To Self, Edge E Drop, Encryption Keys
2026-04-24 03:51:34.708: [INFO][Sync] ConfigurationDone, failed: , succeeded: Preferences, Passwords, Device Info, Send Tab To Self, Edge E Drop, Encryption Keys, remaining count: 3
2026-04-24 03:51:34.708: [INFO][Sync] Prepare to configure types: Bookmarks, Encryption Keys
2026-04-24 03:51:34.709: [INFO][SyncManagerImpl::ConfigureSyncer] Types to download: Bookmarks, Encryption Keys with reason: 5
2026-04-24 03:51:34.709: [INFO][SyncSchedulerImpl::DoConfigurationSyncCycleJob] Blocked types:  and types to download: Bookmarks, Encryption Keys
2026-04-24 03:51:35.130: [INFO][SyncEngineBackend::DoFinishConfigureDataTypes] Failed to download types:  and succeeded types: Bookmarks, Encryption Keys
2026-04-24 03:51:35.144: [INFO][Sync] ConfigurationDone, failed: , succeeded: Bookmarks, Encryption Keys, remaining count: 2
2026-04-24 03:51:35.144: [INFO][Sync] Prepare to configure types: Autofill Profiles, Autofill, Extensions, Sessions, Extension settings, History Delete Directives, Web Apps, Saved Tab Group, WebAuthn Credentials, Collection, Edge Hub App Usage, Edge Wallet, Edge Workspace, Encryption Keys
2026-04-24 03:51:35.145: [INFO][SyncManagerImpl::ConfigureSyncer] Types to download: Autofill Profiles, Autofill, Extensions, Sessions, Extension settings, History Delete Directives, Web Apps, Saved Tab Group, WebAuthn Credentials, Collection, Edge Hub App Usage, Edge Wallet, Edge Workspace, Encryption Keys with reason: 5
2026-04-24 03:51:35.145: [INFO][SyncSchedulerImpl::DoConfigurationSyncCycleJob] Blocked types:  and types to download: Autofill Profiles, Autofill, Extensions, Sessions, Extension settings, History Delete Directives, Web Apps, Saved Tab Group, WebAuthn Credentials, Collection, Edge Hub App Usage, Edge Wallet, Edge Workspace, Encryption Keys
2026-04-24 03:51:35.790: [INFO][SyncEngineBackend::DoFinishConfigureDataTypes] Failed to download types:  and succeeded types: Autofill Profiles, Autofill, Extensions, Sessions, Extension settings, History Delete Directives, Web Apps, Saved Tab Group, WebAuthn Credentials, Collection, Edge Hub App Usage, Edge Wallet, Edge Workspace, Encryption Keys
2026-04-24 03:51:35.794: [INFO][Sync] ConfigurationDone, failed: , succeeded: Autofill Profiles, Autofill, Extensions, Sessions, Extension settings, History Delete Directives, Web Apps, Saved Tab Group, WebAuthn Credentials, Collection, Edge Hub App Usage, Edge Wallet, Edge Workspace, Encryption Keys, remaining count: 1
2026-04-24 03:51:35.801: [INFO][Sync] Prepare to configure types: History, Encryption Keys
2026-04-24 03:51:35.803: [INFO][SyncManagerImpl::ConfigureSyncer] Types to download: History, Encryption Keys with reason: 5
2026-04-24 03:51:35.803: [INFO][SyncSchedulerImpl::DoConfigurationSyncCycleJob] Blocked types:  and types to download: History, Encryption Keys
2026-04-24 03:51:36.175: [INFO][SyncEngineBackend::DoFinishConfigureDataTypes] Failed to download types:  and succeeded types: History, Encryption Keys
2026-04-24 03:51:36.175: [INFO][Sync] ConfigurationDone, failed: , succeeded: History, Encryption Keys, remaining count: 0
2026-04-24 03:51:36.178: [INFO][Sync]     Configuration completed, state: 7
2026-04-24 03:51:36.179: [INFO][Sync] Configured DataTypeManager: Ok
2026-04-24 03:51:36.188: [INFO][SyncEngineBackend::DoStartSyncing] Start syncing
